<?xml version="1.0" encoding="UTF-8"?>
<!-- Generated by org.testng.reporters.JUnitReportReporter -->
<testsuite hostname="DESKTOP-HVDPFUD" name="POM.VerifyLoginSalesforce" tests="1" failures="0" timestamp="12 Apr 2022 09:38:49 GMT" time="6.246" errors="0">
  <testcase name="TestUser" time="6.246" classname="POM.VerifyLoginSalesforce"/>
</testsuite> <!-- POM.VerifyLoginSalesforce -->
